
########################################
# Fit performed on 2018-01-06 16:43:54 #
########################################

###########
# Dataset #
###########

# axis 0: x
# datapoints
-3.600000e-01
-2.800000e-01
-2.000000e-01
-1.200000e-01
-4.000000e-02
4.000000e-02
1.200000e-01
2.000000e-01
2.800000e-01
3.600000e-01
4.400000e-01
5.200000e-01
6.000000e-01
6.800000e-01
7.600000e-01

# axis 1: y
# datapoints	uncor. err.
3.000000e+00	2.184055e+00
1.700000e+01	3.659709e+00
3.300000e+01	5.324025e+00
3.800000e+01	6.724255e+00
6.500000e+01	7.373248e+00
4.600000e+01	7.019142e+00
3.400000e+01	5.801225e+00
1.500000e+01	4.162612e+00
7.000000e+00	2.593121e+00
4.000000e+00	1.402459e+00
1.000000e+00	6.585185e-01
0.000000e+00	2.684456e-01
1.000000e+00	9.500693e-02
0.000000e+00	2.919206e-02
0.000000e+00	7.787262e-03


################
# Fit function #
################

gauss(x; mean, sigma, scale) = scale * exp(-(x-mean)^2/(2 * sigma^2))

##############
# Fit result #
##############

# value        error   correlations
# mean
-2.1849e-02  9.38e-03  
# sigma
1.8274e-01  7.73e-03  -0.300  
# scale
4.5259e+01  3.94e+00  +0.074  -0.712  
!!! uncertainties from MINOS:
# mean
      9.34e-03 + -9.44e-03
# sigma
      7.07e-03 + -8.80e-03
# scale
      4.21e+00 + -3.74e+00


########################
# Final fit parameters #
########################

mean = -0.0218 +- 0.0094
sigma = 0.1827 +- 0.0077
scale = 45.3 +- 3.9

###############
# Fit details #
###############

Attention: use uncertainties from MINOS

USING    iminuit
FCN/ndf  110/12 = 9.16
EdM      3.04833e-05
UP       1
STA      Error matrix accurate

chi2prob 0.0
HYPTEST  rejected (sig. 5%)


########################################
# Fit performed on 2018-01-06 16:43:38 #
########################################

###########
# Dataset #
###########

# axis 0: x
# datapoints
-3.600000e-01
-2.800000e-01
-2.000000e-01
-1.200000e-01
-4.000000e-02
4.000000e-02
1.200000e-01
2.000000e-01
2.800000e-01
3.600000e-01
4.400000e-01
5.200000e-01
6.000000e-01
6.800000e-01
7.600000e-01

# axis 1: y
# datapoints	uncor. err.
3.000000e+00	2.184038e+00
1.700000e+01	3.659700e+00
3.300000e+01	5.324034e+00
3.800000e+01	6.724288e+00
6.500000e+01	7.373299e+00
4.600000e+01	7.019198e+00
3.400000e+01	5.801271e+00
1.500000e+01	4.162641e+00
7.000000e+00	2.593133e+00
4.000000e+00	1.402461e+00
1.000000e+00	6.585166e-01
0.000000e+00	2.684435e-01
1.000000e+00	9.500555e-02
0.000000e+00	2.919142e-02
0.000000e+00	7.787025e-03


################
# Fit function #
################

gauss(x; mean, sigma, scale) = scale * exp(-(x-mean)^2/(2 * sigma^2))

##############
# Fit result #
##############

# value        error   correlations
# mean
-2.1849e-02  9.38e-03  
# sigma
1.8274e-01  7.73e-03  -0.300  
# scale
4.5258e+01  3.94e+00  +0.074  -0.712  
!!! uncertainties from MINOS:
# mean
      9.34e-03 + -9.44e-03
# sigma
      7.07e-03 + -8.80e-03
# scale
      4.21e+00 + -3.74e+00


########################
# Final fit parameters #
########################

mean = -0.0218 +- 0.0094
sigma = 0.1827 +- 0.0077
scale = 45.3 +- 3.9

###############
# Fit details #
###############

Attention: use uncertainties from MINOS

USING    iminuit
FCN/ndf  110/12 = 9.16
EdM      3.04265e-05
UP       1
STA      Error matrix accurate

chi2prob 0.0
HYPTEST  rejected (sig. 5%)


########################################
# Fit performed on 2018-01-06 16:43:48 #
########################################

###########
# Dataset #
###########

# axis 0: x
# datapoints
-3.600000e-01
-2.800000e-01
-2.000000e-01
-1.200000e-01
-4.000000e-02
4.000000e-02
1.200000e-01
2.000000e-01
2.800000e-01
3.600000e-01
4.400000e-01
5.200000e-01
6.000000e-01
6.800000e-01
7.600000e-01

# axis 1: y
# datapoints	uncor. err.
3.000000e+00	2.184039e+00
1.700000e+01	3.659701e+00
3.300000e+01	5.324033e+00
3.800000e+01	6.724284e+00
6.500000e+01	7.373291e+00
4.600000e+01	7.019187e+00
3.400000e+01	5.801260e+00
1.500000e+01	4.162631e+00
7.000000e+00	2.593126e+00
4.000000e+00	1.402456e+00
1.000000e+00	6.585142e-01
0.000000e+00	2.684424e-01
1.000000e+00	9.500512e-02
0.000000e+00	2.919128e-02
0.000000e+00	7.786983e-03


################
# Fit function #
################

gauss(x; mean, sigma, scale) = scale * exp(-(x-mean)^2/(2 * sigma^2))

##############
# Fit result #
##############

# value        error   correlations
# mean
-2.1849e-02  9.38e-03  
# sigma
1.8274e-01  7.73e-03  -0.300  
# scale
4.5258e+01  3.94e+00  +0.074  -0.712  
!!! uncertainties from MINOS:
# mean
      9.34e-03 + -9.44e-03
# sigma
      7.07e-03 + -8.80e-03
# scale
      4.21e+00 + -3.74e+00


########################
# Final fit parameters #
########################

mean = -0.0218 +- 0.0094
sigma = 0.1827 +- 0.0077
scale = 45.3 +- 3.9

###############
# Fit details #
###############

Attention: use uncertainties from MINOS

USING    iminuit
FCN/ndf  110/12 = 9.16
EdM      3.04472e-05
UP       1
STA      Error matrix accurate

chi2prob 0.0
HYPTEST  rejected (sig. 5%)


########################################
# Fit performed on 2018-01-06 16:44:24 #
########################################

###########
# Dataset #
###########

# axis 0: x
# datapoints
-3.600000e-01
-2.800000e-01
-2.000000e-01
-1.200000e-01
-4.000000e-02
4.000000e-02
1.200000e-01
2.000000e-01
2.800000e-01
3.600000e-01
4.400000e-01
5.200000e-01
6.000000e-01
6.800000e-01
7.600000e-01

# axis 1: y
# datapoints	uncor. err.
3.000000e+00	2.184038e+00
1.700000e+01	3.659700e+00
3.300000e+01	5.324034e+00
3.800000e+01	6.724288e+00
6.500000e+01	7.373299e+00
4.600000e+01	7.019198e+00
3.400000e+01	5.801271e+00
1.500000e+01	4.162641e+00
7.000000e+00	2.593133e+00
4.000000e+00	1.402461e+00
1.000000e+00	6.585166e-01
0.000000e+00	2.684435e-01
1.000000e+00	9.500555e-02
0.000000e+00	2.919142e-02
0.000000e+00	7.787025e-03


################
# Fit function #
################

gauss(x; mean, sigma, scale) = scale * exp(-(x-mean)^2/(2 * sigma^2))

##############
# Fit result #
##############

# value        error   correlations
# mean
-2.1849e-02  9.38e-03  
# sigma
1.8274e-01  7.73e-03  -0.300  
# scale
4.5258e+01  3.94e+00  +0.074  -0.712  
!!! uncertainties from MINOS:
# mean
      9.34e-03 + -9.44e-03
# sigma
      7.07e-03 + -8.80e-03
# scale
      4.21e+00 + -3.74e+00


########################
# Final fit parameters #
########################

mean = -0.0218 +- 0.0094
sigma = 0.1827 +- 0.0077
scale = 45.3 +- 3.9

###############
# Fit details #
###############

Attention: use uncertainties from MINOS

USING    iminuit
FCN/ndf  110/12 = 9.16
EdM      3.04265e-05
UP       1
STA      Error matrix accurate

chi2prob 0.0
HYPTEST  rejected (sig. 5%)


########################################
# Fit performed on 2018-01-06 16:45:49 #
########################################

###########
# Dataset #
###########

# axis 0: x
# datapoints
-3.600000e-01
-2.800000e-01
-2.000000e-01
-1.200000e-01
-4.000000e-02
4.000000e-02
1.200000e-01
2.000000e-01
2.800000e-01
3.600000e-01
4.400000e-01
5.200000e-01
6.000000e-01
6.800000e-01
7.600000e-01

# axis 1: y
# datapoints	uncor. err.
3.000000e+00	2.184039e+00
1.700000e+01	3.659701e+00
3.300000e+01	5.324033e+00
3.800000e+01	6.724284e+00
6.500000e+01	7.373291e+00
4.600000e+01	7.019187e+00
3.400000e+01	5.801260e+00
1.500000e+01	4.162631e+00
7.000000e+00	2.593126e+00
4.000000e+00	1.402456e+00
1.000000e+00	6.585142e-01
0.000000e+00	2.684424e-01
1.000000e+00	9.500512e-02
0.000000e+00	2.919128e-02
0.000000e+00	7.786983e-03


################
# Fit function #
################

gauss(x; mean, sigma, scale) = scale * exp(-(x-mean)^2/(2 * sigma^2))

##############
# Fit result #
##############

# value        error   correlations
# mean
-2.1849e-02  9.38e-03  
# sigma
1.8274e-01  7.73e-03  -0.300  
# scale
4.5258e+01  3.94e+00  +0.074  -0.712  
!!! uncertainties from MINOS:
# mean
      9.34e-03 + -9.44e-03
# sigma
      7.07e-03 + -8.80e-03
# scale
      4.21e+00 + -3.74e+00


########################
# Final fit parameters #
########################

mean = -0.0218 +- 0.0094
sigma = 0.1827 +- 0.0077
scale = 45.3 +- 3.9

###############
# Fit details #
###############

Attention: use uncertainties from MINOS

USING    iminuit
FCN/ndf  110/12 = 9.16
EdM      3.04472e-05
UP       1
STA      Error matrix accurate

chi2prob 0.0
HYPTEST  rejected (sig. 5%)


########################################
# Fit performed on 2018-01-06 16:46:03 #
########################################

###########
# Dataset #
###########

# axis 0: x
# datapoints
-3.600000e-01
-2.800000e-01
-2.000000e-01
-1.200000e-01
-4.000000e-02
4.000000e-02
1.200000e-01
2.000000e-01
2.800000e-01
3.600000e-01
4.400000e-01
5.200000e-01
6.000000e-01
6.800000e-01
7.600000e-01

# axis 1: y
# datapoints	uncor. err.
3.000000e+00	2.184039e+00
1.700000e+01	3.659701e+00
3.300000e+01	5.324033e+00
3.800000e+01	6.724284e+00
6.500000e+01	7.373291e+00
4.600000e+01	7.019187e+00
3.400000e+01	5.801260e+00
1.500000e+01	4.162631e+00
7.000000e+00	2.593126e+00
4.000000e+00	1.402456e+00
1.000000e+00	6.585142e-01
0.000000e+00	2.684424e-01
1.000000e+00	9.500512e-02
0.000000e+00	2.919128e-02
0.000000e+00	7.786983e-03


################
# Fit function #
################

gauss(x; mean, sigma, scale) = scale * exp(-(x-mean)^2/(2 * sigma^2))

##############
# Fit result #
##############

# value        error   correlations
# mean
-2.1849e-02  9.38e-03  
# sigma
1.8274e-01  7.73e-03  -0.300  
# scale
4.5258e+01  3.94e+00  +0.074  -0.712  
!!! uncertainties from MINOS:
# mean
      9.34e-03 + -9.44e-03
# sigma
      7.07e-03 + -8.80e-03
# scale
      4.21e+00 + -3.74e+00


########################
# Final fit parameters #
########################

mean = -0.0218 +- 0.0094
sigma = 0.1827 +- 0.0077
scale = 45.3 +- 3.9

###############
# Fit details #
###############

Attention: use uncertainties from MINOS

USING    iminuit
FCN/ndf  110/12 = 9.16
EdM      3.04472e-05
UP       1
STA      Error matrix accurate

chi2prob 0.0
HYPTEST  rejected (sig. 5%)


########################################
# Fit performed on 2018-01-06 16:47:32 #
########################################

###########
# Dataset #
###########

# axis 0: x
# datapoints
-3.600000e-01
-2.800000e-01
-2.000000e-01
-1.200000e-01
-4.000000e-02
4.000000e-02
1.200000e-01
2.000000e-01
2.800000e-01
3.600000e-01
4.400000e-01
5.200000e-01
6.000000e-01
6.800000e-01
7.600000e-01

# axis 1: y
# datapoints	uncor. err.
3.000000e+00	2.184038e+00
1.700000e+01	3.659700e+00
3.300000e+01	5.324034e+00
3.800000e+01	6.724288e+00
6.500000e+01	7.373299e+00
4.600000e+01	7.019198e+00
3.400000e+01	5.801271e+00
1.500000e+01	4.162641e+00
7.000000e+00	2.593133e+00
4.000000e+00	1.402461e+00
1.000000e+00	6.585166e-01
0.000000e+00	2.684435e-01
1.000000e+00	9.500555e-02
0.000000e+00	2.919142e-02
0.000000e+00	7.787025e-03


################
# Fit function #
################

gauss(x; mean, sigma, scale) = scale * exp(-(x-mean)^2/(2 * sigma^2))

##############
# Fit result #
##############

# value        error   correlations
# mean
-2.1849e-02  9.38e-03  
# sigma
1.8274e-01  7.73e-03  -0.300  
# scale
4.5258e+01  3.94e+00  +0.074  -0.712  
!!! uncertainties from MINOS:
# mean
      9.34e-03 + -9.44e-03
# sigma
      7.07e-03 + -8.80e-03
# scale
      4.21e+00 + -3.74e+00


########################
# Final fit parameters #
########################

mean = -0.0218 +- 0.0094
sigma = 0.1827 +- 0.0077
scale = 45.3 +- 3.9

###############
# Fit details #
###############

Attention: use uncertainties from MINOS

USING    iminuit
FCN/ndf  110/12 = 9.16
EdM      3.04265e-05
UP       1
STA      Error matrix accurate

chi2prob 0.0
HYPTEST  rejected (sig. 5%)


########################################
# Fit performed on 2018-01-06 16:49:43 #
########################################

###########
# Dataset #
###########

# axis 0: x
# datapoints
-3.600000e-01
-2.800000e-01
-2.000000e-01
-1.200000e-01
-4.000000e-02
4.000000e-02
1.200000e-01
2.000000e-01
2.800000e-01
3.600000e-01
4.400000e-01
5.200000e-01
6.000000e-01
6.800000e-01
7.600000e-01

# axis 1: y
# datapoints	uncor. err.
3.000000e+00	2.184050e+00
1.700000e+01	3.659704e+00
3.300000e+01	5.324021e+00
3.800000e+01	6.724254e+00
6.500000e+01	7.373250e+00
4.600000e+01	7.019146e+00
3.400000e+01	5.801230e+00
1.500000e+01	4.162617e+00
7.000000e+00	2.593124e+00
4.000000e+00	1.402460e+00
1.000000e+00	6.585190e-01
0.000000e+00	2.684458e-01
1.000000e+00	9.500696e-02
0.000000e+00	2.919206e-02
0.000000e+00	7.787256e-03


################
# Fit function #
################

gauss(x; mean, sigma, scale) = scale * exp(-(x-mean)^2/(2 * sigma^2))

##############
# Fit result #
##############

# value        error   correlations
# mean
-2.1849e-02  9.38e-03  
# sigma
1.8274e-01  7.73e-03  -0.300  
# scale
4.5259e+01  3.94e+00  +0.074  -0.712  
!!! uncertainties from MINOS:
# mean
      9.34e-03 + -9.44e-03
# sigma
      7.07e-03 + -8.80e-03
# scale
      4.21e+00 + -3.74e+00


########################
# Final fit parameters #
########################

mean = -0.0218 +- 0.0094
sigma = 0.1827 +- 0.0077
scale = 45.3 +- 3.9

###############
# Fit details #
###############

Attention: use uncertainties from MINOS

USING    iminuit
FCN/ndf  110/12 = 9.16
EdM      3.04723e-05
UP       1
STA      Error matrix accurate

chi2prob 0.0
HYPTEST  rejected (sig. 5%)


########################################
# Fit performed on 2018-01-06 16:49:59 #
########################################

###########
# Dataset #
###########

# axis 0: x
# datapoints
-3.600000e-01
-2.800000e-01
-2.000000e-01
-1.200000e-01
-4.000000e-02
4.000000e-02
1.200000e-01
2.000000e-01
2.800000e-01
3.600000e-01
4.400000e-01
5.200000e-01
6.000000e-01
6.800000e-01
7.600000e-01

# axis 1: y
# datapoints	uncor. err.
3.000000e+00	2.184039e+00
1.700000e+01	3.659701e+00
3.300000e+01	5.324033e+00
3.800000e+01	6.724284e+00
6.500000e+01	7.373291e+00
4.600000e+01	7.019187e+00
3.400000e+01	5.801260e+00
1.500000e+01	4.162631e+00
7.000000e+00	2.593126e+00
4.000000e+00	1.402456e+00
1.000000e+00	6.585142e-01
0.000000e+00	2.684424e-01
1.000000e+00	9.500512e-02
0.000000e+00	2.919128e-02
0.000000e+00	7.786983e-03


################
# Fit function #
################

gauss(x; mean, sigma, scale) = scale * exp(-(x-mean)^2/(2 * sigma^2))

##############
# Fit result #
##############

# value        error   correlations
# mean
-2.1849e-02  9.38e-03  
# sigma
1.8274e-01  7.73e-03  -0.300  
# scale
4.5258e+01  3.94e+00  +0.074  -0.712  
!!! uncertainties from MINOS:
# mean
      9.34e-03 + -9.44e-03
# sigma
      7.07e-03 + -8.80e-03
# scale
      4.21e+00 + -3.74e+00


########################
# Final fit parameters #
########################

mean = -0.0218 +- 0.0094
sigma = 0.1827 +- 0.0077
scale = 45.3 +- 3.9

###############
# Fit details #
###############

Attention: use uncertainties from MINOS

USING    iminuit
FCN/ndf  110/12 = 9.16
EdM      3.04472e-05
UP       1
STA      Error matrix accurate

chi2prob 0.0
HYPTEST  rejected (sig. 5%)


########################################
# Fit performed on 2018-01-06 16:53:45 #
########################################

###########
# Dataset #
###########

# axis 0: x
# datapoints
-3.600000e-01
-2.800000e-01
-2.000000e-01
-1.200000e-01
-4.000000e-02
4.000000e-02
1.200000e-01
2.000000e-01
2.800000e-01
3.600000e-01
4.400000e-01
5.200000e-01
6.000000e-01
6.800000e-01
7.600000e-01

# axis 1: y
# datapoints	uncor. err.
3.000000e+00	2.184039e+00
1.700000e+01	3.659701e+00
3.300000e+01	5.324033e+00
3.800000e+01	6.724284e+00
6.500000e+01	7.373291e+00
4.600000e+01	7.019187e+00
3.400000e+01	5.801260e+00
1.500000e+01	4.162631e+00
7.000000e+00	2.593126e+00
4.000000e+00	1.402456e+00
1.000000e+00	6.585142e-01
0.000000e+00	2.684424e-01
1.000000e+00	9.500512e-02
0.000000e+00	2.919128e-02
0.000000e+00	7.786983e-03


################
# Fit function #
################

gauss(x; mean, sigma, scale) = scale * exp(-(x-mean)^2/(2 * sigma^2))

##############
# Fit result #
##############

# value        error   correlations
# mean
-2.1849e-02  9.38e-03  
# sigma
1.8274e-01  7.73e-03  -0.300  
# scale
4.5258e+01  3.94e+00  +0.074  -0.712  
!!! uncertainties from MINOS:
# mean
      9.34e-03 + -9.44e-03
# sigma
      7.07e-03 + -8.80e-03
# scale
      4.21e+00 + -3.74e+00


########################
# Final fit parameters #
########################

mean = -0.0218 +- 0.0094
sigma = 0.1827 +- 0.0077
scale = 45.3 +- 3.9

###############
# Fit details #
###############

Attention: use uncertainties from MINOS

USING    iminuit
FCN/ndf  110/12 = 9.16
EdM      3.04472e-05
UP       1
STA      Error matrix accurate

chi2prob 0.0
HYPTEST  rejected (sig. 5%)


########################################
# Fit performed on 2018-01-06 16:54:09 #
########################################

###########
# Dataset #
###########

# axis 0: x
# datapoints
-3.600000e-01
-2.800000e-01
-2.000000e-01
-1.200000e-01
-4.000000e-02
4.000000e-02
1.200000e-01
2.000000e-01
2.800000e-01
3.600000e-01
4.400000e-01
5.200000e-01
6.000000e-01
6.800000e-01
7.600000e-01

# axis 1: y
# datapoints	uncor. err.
3.000000e+00	2.184039e+00
1.700000e+01	3.659701e+00
3.300000e+01	5.324033e+00
3.800000e+01	6.724284e+00
6.500000e+01	7.373291e+00
4.600000e+01	7.019187e+00
3.400000e+01	5.801260e+00
1.500000e+01	4.162631e+00
7.000000e+00	2.593126e+00
4.000000e+00	1.402456e+00
1.000000e+00	6.585142e-01
0.000000e+00	2.684424e-01
1.000000e+00	9.500512e-02
0.000000e+00	2.919128e-02
0.000000e+00	7.786983e-03


################
# Fit function #
################

gauss(x; mean, sigma, scale) = scale * exp(-(x-mean)^2/(2 * sigma^2))

##############
# Fit result #
##############

# value        error   correlations
# mean
-2.1849e-02  9.38e-03  
# sigma
1.8274e-01  7.73e-03  -0.300  
# scale
4.5258e+01  3.94e+00  +0.074  -0.712  
!!! uncertainties from MINOS:
# mean
      9.34e-03 + -9.44e-03
# sigma
      7.07e-03 + -8.80e-03
# scale
      4.21e+00 + -3.74e+00


########################
# Final fit parameters #
########################

mean = -0.0218 +- 0.0094
sigma = 0.1827 +- 0.0077
scale = 45.3 +- 3.9

###############
# Fit details #
###############

Attention: use uncertainties from MINOS

USING    iminuit
FCN/ndf  110/12 = 9.16
EdM      3.04472e-05
UP       1
STA      Error matrix accurate

chi2prob 0.0
HYPTEST  rejected (sig. 5%)


########################################
# Fit performed on 2018-01-06 16:56:53 #
########################################

###########
# Dataset #
###########

# axis 0: x
# datapoints
-5.600000e-01
-4.800000e-01
-4.000000e-01
-3.200000e-01
-2.400000e-01
-1.600000e-01
-8.000000e-02
5.551115e-17
8.000000e-02
1.600000e-01
2.400000e-01
3.200000e-01
4.000000e-01
4.800000e-01
5.600000e-01

# axis 1: y
# datapoints	uncor. err.
0.000000e+00	2.747901e-01
2.000000e+00	6.773295e-01
0.000000e+00	1.445397e+00
1.100000e+01	2.670313e+00
2.800000e+01	4.270958e+00
3.100000e+01	5.913935e+00
5.100000e+01	7.089504e+00
5.400000e+01	7.357720e+00
4.400000e+01	6.610872e+00
2.400000e+01	5.142358e+00
1.200000e+01	3.463012e+00
6.000000e+00	2.018988e+00
1.000000e+00	1.019064e+00
1.000000e+00	4.453048e-01
1.000000e+00	1.684618e-01


################
# Fit function #
################

gauss(x; mean, sigma, scale) = scale * exp(-(x-mean)^2/(2 * sigma^2))

##############
# Fit result #
##############

# value        error   correlations
# mean
-1.7190e-02  8.95e-03  
# sigma
-1.7021e-01  6.93e-03  -0.305  
# scale
4.9456e+01  4.07e+00  -0.228  +0.695  

########################
# Final fit parameters #
########################

mean = -0.0172 +- 0.009
sigma = -0.1702 +- 0.0069
scale = 49.5 +- 4.1

###############
# Fit details #
###############

USING    iminuit
FCN/ndf  44/12 = 3.66
EdM      7.57384e-05
UP       1
STA      Error matrix accurate

chi2prob 0.0
HYPTEST  rejected (sig. 5%)


########################################
# Fit performed on 2018-01-06 16:58:00 #
########################################

###########
# Dataset #
###########

# axis 0: x
# datapoints
-5.600000e-01
-4.800000e-01
-4.000000e-01
-3.200000e-01
-2.400000e-01
-1.600000e-01
-8.000000e-02
5.551115e-17
8.000000e-02
1.600000e-01
2.400000e-01
3.200000e-01
4.000000e-01
4.800000e-01
5.600000e-01

# axis 1: y
# datapoints	uncor. err.
0.000000e+00	2.747901e-01
2.000000e+00	6.773295e-01
0.000000e+00	1.445397e+00
1.100000e+01	2.670313e+00
2.800000e+01	4.270958e+00
3.100000e+01	5.913935e+00
5.100000e+01	7.089504e+00
5.400000e+01	7.357720e+00
4.400000e+01	6.610872e+00
2.400000e+01	5.142358e+00
1.200000e+01	3.463012e+00
6.000000e+00	2.018988e+00
1.000000e+00	1.019064e+00
1.000000e+00	4.453048e-01
1.000000e+00	1.684618e-01


################
# Fit function #
################

gauss(x; mean, sigma, scale) = scale * exp(-(x-mean)^2/(2 * sigma^2))

##############
# Fit result #
##############

# value        error   correlations
# mean
-1.7190e-02  8.95e-03  
# sigma
-1.7021e-01  6.93e-03  -0.305  
# scale
4.9456e+01  4.07e+00  -0.228  +0.695  

########################
# Final fit parameters #
########################

mean = -0.0172 +- 0.009
sigma = -0.1702 +- 0.0069
scale = 49.5 +- 4.1

###############
# Fit details #
###############

USING    iminuit
FCN/ndf  44/12 = 3.66
EdM      7.57384e-05
UP       1
STA      Error matrix accurate

chi2prob 0.0
HYPTEST  rejected (sig. 5%)


########################################
# Fit performed on 2018-01-06 17:03:43 #
########################################

###########
# Dataset #
###########

# axis 0: x
# datapoints
-5.600000e-01
-4.800000e-01
-4.000000e-01
-3.200000e-01
-2.400000e-01
-1.600000e-01
-8.000000e-02
5.551115e-17
8.000000e-02
1.600000e-01
2.400000e-01
3.200000e-01
4.000000e-01
4.800000e-01
5.600000e-01

# axis 1: y
# datapoints	uncor. err.
0.000000e+00	2.747901e-01
2.000000e+00	6.773295e-01
0.000000e+00	1.445397e+00
1.100000e+01	2.670313e+00
2.800000e+01	4.270958e+00
3.100000e+01	5.913935e+00
5.100000e+01	7.089504e+00
5.400000e+01	7.357720e+00
4.400000e+01	6.610872e+00
2.400000e+01	5.142358e+00
1.200000e+01	3.463012e+00
6.000000e+00	2.018988e+00
1.000000e+00	1.019064e+00
1.000000e+00	4.453048e-01
1.000000e+00	1.684618e-01


################
# Fit function #
################

gauss(x; mean, sigma, scale) = scale * exp(-(x-mean)^2/(2 * sigma^2))

##############
# Fit result #
##############

# value        error   correlations
# mean
-1.7190e-02  8.95e-03  
# sigma
-1.7021e-01  6.93e-03  -0.305  
# scale
4.9456e+01  4.07e+00  -0.228  +0.695  

########################
# Final fit parameters #
########################

mean = -0.0172 +- 0.009
sigma = -0.1702 +- 0.0069
scale = 49.5 +- 4.1

###############
# Fit details #
###############

USING    iminuit
FCN/ndf  44/12 = 3.66
EdM      7.57384e-05
UP       1
STA      Error matrix accurate

chi2prob 0.0
HYPTEST  rejected (sig. 5%)


########################################
# Fit performed on 2018-01-06 17:05:02 #
########################################

###########
# Dataset #
###########

# axis 0: x
# datapoints
-5.600000e-01
-4.800000e-01
-4.000000e-01
-3.200000e-01
-2.400000e-01
-1.600000e-01
-8.000000e-02
5.551115e-17
8.000000e-02
1.600000e-01
2.400000e-01
3.200000e-01
4.000000e-01
4.800000e-01
5.600000e-01

# axis 1: y
# datapoints	uncor. err.
0.000000e+00	2.747901e-01
2.000000e+00	6.773295e-01
0.000000e+00	1.445397e+00
1.100000e+01	2.670313e+00
2.800000e+01	4.270958e+00
3.100000e+01	5.913935e+00
5.100000e+01	7.089504e+00
5.400000e+01	7.357720e+00
4.400000e+01	6.610872e+00
2.400000e+01	5.142358e+00
1.200000e+01	3.463012e+00
6.000000e+00	2.018988e+00
1.000000e+00	1.019064e+00
1.000000e+00	4.453048e-01
1.000000e+00	1.684618e-01


################
# Fit function #
################

gauss(x; mean, sigma, scale) = scale * exp(-(x-mean)^2/(2 * sigma^2))

##############
# Fit result #
##############

# value        error   correlations
# mean
-1.7190e-02  8.95e-03  
# sigma
-1.7021e-01  6.93e-03  -0.305  
# scale
4.9456e+01  4.07e+00  -0.228  +0.695  

########################
# Final fit parameters #
########################

mean = -0.0172 +- 0.009
sigma = -0.1702 +- 0.0069
scale = 49.5 +- 4.1

###############
# Fit details #
###############

USING    iminuit
FCN/ndf  44/12 = 3.66
EdM      7.57384e-05
UP       1
STA      Error matrix accurate

chi2prob 0.0
HYPTEST  rejected (sig. 5%)


########################################
# Fit performed on 2018-01-06 17:05:10 #
########################################

###########
# Dataset #
###########

# axis 0: x
# datapoints
-5.600000e-01
-4.800000e-01
-4.000000e-01
-3.200000e-01
-2.400000e-01
-1.600000e-01
-8.000000e-02
5.551115e-17
8.000000e-02
1.600000e-01
2.400000e-01
3.200000e-01
4.000000e-01
4.800000e-01
5.600000e-01

# axis 1: y
# datapoints	uncor. err.
0.000000e+00	2.747901e-01
2.000000e+00	6.773295e-01
0.000000e+00	1.445397e+00
1.100000e+01	2.670313e+00
2.800000e+01	4.270958e+00
3.100000e+01	5.913935e+00
5.100000e+01	7.089504e+00
5.400000e+01	7.357720e+00
4.400000e+01	6.610872e+00
2.400000e+01	5.142358e+00
1.200000e+01	3.463012e+00
6.000000e+00	2.018988e+00
1.000000e+00	1.019064e+00
1.000000e+00	4.453048e-01
1.000000e+00	1.684618e-01


################
# Fit function #
################

gauss(x; mean, sigma, scale) = scale * exp(-(x-mean)^2/(2 * sigma^2))

##############
# Fit result #
##############

# value        error   correlations
# mean
-1.7190e-02  8.95e-03  
# sigma
-1.7021e-01  6.93e-03  -0.305  
# scale
4.9456e+01  4.07e+00  -0.228  +0.695  

########################
# Final fit parameters #
########################

mean = -0.0172 +- 0.009
sigma = -0.1702 +- 0.0069
scale = 49.5 +- 4.1

###############
# Fit details #
###############

USING    iminuit
FCN/ndf  44/12 = 3.66
EdM      7.57384e-05
UP       1
STA      Error matrix accurate

chi2prob 0.0
HYPTEST  rejected (sig. 5%)


########################################
# Fit performed on 2018-01-06 17:07:15 #
########################################

###########
# Dataset #
###########

# axis 0: x
# datapoints
-3.600000e-01
-2.800000e-01
-2.000000e-01
-1.200000e-01
-4.000000e-02
4.000000e-02
1.200000e-01
2.000000e-01
2.800000e-01
3.600000e-01
4.400000e-01
5.200000e-01
6.000000e-01
6.800000e-01
7.600000e-01

# axis 1: y
# datapoints	uncor. err.
3.000000e+00	2.184050e+00
1.700000e+01	3.659704e+00
3.300000e+01	5.324021e+00
3.800000e+01	6.724254e+00
6.500000e+01	7.373250e+00
4.600000e+01	7.019146e+00
3.400000e+01	5.801230e+00
1.500000e+01	4.162617e+00
7.000000e+00	2.593124e+00
4.000000e+00	1.402460e+00
1.000000e+00	6.585190e-01
0.000000e+00	2.684458e-01
1.000000e+00	9.500696e-02
0.000000e+00	2.919206e-02
0.000000e+00	7.787256e-03


################
# Fit function #
################

gauss(x; mean, sigma, scale) = scale * exp(-(x-mean)^2/(2 * sigma^2))

##############
# Fit result #
##############

# value        error   correlations
# mean
-2.1849e-02  9.38e-03  
# sigma
1.8274e-01  7.73e-03  -0.300  
# scale
4.5259e+01  3.94e+00  +0.074  -0.712  
!!! uncertainties from MINOS:
# mean
      9.34e-03 + -9.44e-03
# sigma
      7.07e-03 + -8.80e-03
# scale
      4.21e+00 + -3.74e+00


########################
# Final fit parameters #
########################

mean = -0.0218 +- 0.0094
sigma = 0.1827 +- 0.0077
scale = 45.3 +- 3.9

###############
# Fit details #
###############

Attention: use uncertainties from MINOS

USING    iminuit
FCN/ndf  110/12 = 9.16
EdM      3.04723e-05
UP       1
STA      Error matrix accurate

chi2prob 0.0
HYPTEST  rejected (sig. 5%)


########################################
# Fit performed on 2018-01-06 17:08:07 #
########################################

###########
# Dataset #
###########

# axis 0: x
# datapoints
-3.600000e-01
-2.800000e-01
-2.000000e-01
-1.200000e-01
-4.000000e-02
4.000000e-02
1.200000e-01
2.000000e-01
2.800000e-01
3.600000e-01
4.400000e-01
5.200000e-01
6.000000e-01
6.800000e-01
7.600000e-01

# axis 1: y
# datapoints	uncor. err.
3.000000e+00	2.184055e+00
1.700000e+01	3.659709e+00
3.300000e+01	5.324025e+00
3.800000e+01	6.724255e+00
6.500000e+01	7.373248e+00
4.600000e+01	7.019142e+00
3.400000e+01	5.801225e+00
1.500000e+01	4.162612e+00
7.000000e+00	2.593121e+00
4.000000e+00	1.402459e+00
1.000000e+00	6.585185e-01
0.000000e+00	2.684456e-01
1.000000e+00	9.500693e-02
0.000000e+00	2.919206e-02
0.000000e+00	7.787262e-03


################
# Fit function #
################

gauss(x; mean, sigma, scale) = scale * exp(-(x-mean)^2/(2 * sigma^2))

##############
# Fit result #
##############

# value        error   correlations
# mean
-2.1849e-02  9.38e-03  
# sigma
1.8274e-01  7.73e-03  -0.300  
# scale
4.5259e+01  3.94e+00  +0.074  -0.712  
!!! uncertainties from MINOS:
# mean
      9.34e-03 + -9.44e-03
# sigma
      7.07e-03 + -8.80e-03
# scale
      4.21e+00 + -3.74e+00


########################
# Final fit parameters #
########################

mean = -0.0218 +- 0.0094
sigma = 0.1827 +- 0.0077
scale = 45.3 +- 3.9

###############
# Fit details #
###############

Attention: use uncertainties from MINOS

USING    iminuit
FCN/ndf  110/12 = 9.16
EdM      3.04831e-05
UP       1
STA      Error matrix accurate

chi2prob 0.0
HYPTEST  rejected (sig. 5%)

