
########################################
# Fit performed on 2018-01-06 16:47:32 #
########################################

###########
# Dataset #
###########

# axis 0: x
# datapoints
-3.600000e-01
-2.800000e-01
-2.000000e-01
-1.200000e-01
-4.000000e-02
4.000000e-02
1.200000e-01
2.000000e-01
2.800000e-01
3.600000e-01
4.400000e-01
5.200000e-01
6.000000e-01
6.800000e-01
7.600000e-01

# axis 1: y
# datapoints	uncor. err.
3.000000e+00	2.184038e+00
1.700000e+01	3.659700e+00
3.300000e+01	5.324034e+00
3.800000e+01	6.724288e+00
6.500000e+01	7.373299e+00
4.600000e+01	7.019198e+00
3.400000e+01	5.801271e+00
1.500000e+01	4.162641e+00
7.000000e+00	2.593133e+00
4.000000e+00	1.402461e+00
1.000000e+00	6.585166e-01
0.000000e+00	2.684435e-01
1.000000e+00	9.500555e-02
0.000000e+00	2.919142e-02
0.000000e+00	7.787025e-03


################
# Fit function #
################

gauss(x; mean, sigma, scale) = scale * exp(-(x-mean)^2/(2 * sigma^2))

##############
# Fit result #
##############

# value        error   correlations
# mean
-2.1849e-02  9.38e-03  
# sigma
1.8274e-01  7.73e-03  -0.300  
# scale
4.5258e+01  3.94e+00  +0.074  -0.712  
!!! uncertainties from MINOS:
# mean
      9.34e-03 + -9.44e-03
# sigma
      7.07e-03 + -8.80e-03
# scale
      4.21e+00 + -3.74e+00


########################
# Final fit parameters #
########################

mean = -0.0218 +- 0.0094
sigma = 0.1827 +- 0.0077
scale = 45.3 +- 3.9

###############
# Fit details #
###############

Attention: use uncertainties from MINOS

USING    iminuit
FCN/ndf  110/12 = 9.16
EdM      3.04265e-05
UP       1
STA      Error matrix accurate

chi2prob 0.0
HYPTEST  rejected (sig. 5%)

