
########################################
# Fit performed on 2018-01-06 17:05:10 #
########################################

###########
# Dataset #
###########

# axis 0: x
# datapoints
-5.600000e-01
-4.800000e-01
-4.000000e-01
-3.200000e-01
-2.400000e-01
-1.600000e-01
-8.000000e-02
5.551115e-17
8.000000e-02
1.600000e-01
2.400000e-01
3.200000e-01
4.000000e-01
4.800000e-01
5.600000e-01

# axis 1: y
# datapoints	uncor. err.
0.000000e+00	2.747901e-01
2.000000e+00	6.773295e-01
0.000000e+00	1.445397e+00
1.100000e+01	2.670313e+00
2.800000e+01	4.270958e+00
3.100000e+01	5.913935e+00
5.100000e+01	7.089504e+00
5.400000e+01	7.357720e+00
4.400000e+01	6.610872e+00
2.400000e+01	5.142358e+00
1.200000e+01	3.463012e+00
6.000000e+00	2.018988e+00
1.000000e+00	1.019064e+00
1.000000e+00	4.453048e-01
1.000000e+00	1.684618e-01


################
# Fit function #
################

gauss(x; mean, sigma, scale) = scale * exp(-(x-mean)^2/(2 * sigma^2))

##############
# Fit result #
##############

# value        error   correlations
# mean
-1.7190e-02  8.95e-03  
# sigma
-1.7021e-01  6.93e-03  -0.305  
# scale
4.9456e+01  4.07e+00  -0.228  +0.695  

########################
# Final fit parameters #
########################

mean = -0.0172 +- 0.009
sigma = -0.1702 +- 0.0069
scale = 49.5 +- 4.1

###############
# Fit details #
###############

USING    iminuit
FCN/ndf  44/12 = 3.66
EdM      7.57384e-05
UP       1
STA      Error matrix accurate

chi2prob 0.0
HYPTEST  rejected (sig. 5%)

